C51 COMPILER V9.60.0.0   MAIN                                                              09/17/2023 00:06:19 PAGE 1   


C51 COMPILER V9.60.0.0, COMPILATION OF MODULE MAIN
OBJECT MODULE PLACED IN .\Objects\main.obj
COMPILER INVOKED BY: D:\Keil_v5\C51\BIN\C51.EXE user\main.c OPTIMIZE(8,SPEED) BROWSE INCDIR(.\xpt2046;.\public;.\Digitro
                    -n) DEBUG OBJECTEXTEND PRINT(.\Listings\main.lst) TABS(2) OBJECT(.\Objects\main.obj)

line level    source

   1          #include "public.h"
   2          #include "Digitron.h"
   3          #include "xpt2046.h"
   4          
   5          void main()
   6          { 
   7   1        u16 adc_value=0;
   8   1        u8 adc_buf[4];
   9   1      
  10   1        while(1)
  11   1        {       
  12   2          adc_value=xpt2046_read_adc_value(0xA4);
  13   2          adc_buf[0]=gsmg_code[adc_value/1000];
  14   2          adc_buf[1]=gsmg_code[adc_value%1000/100];
  15   2          adc_buf[2]=gsmg_code[adc_value%1000%100/10];
  16   2          adc_buf[3]=gsmg_code[adc_value%1000%100%10];
  17   2          smg_display(adc_buf,5);   
  18   2        }   
  19   1      }


MODULE INFORMATION:   STATIC OVERLAYABLE
   CODE SIZE        =    125    ----
   CONSTANT SIZE    =   ----    ----
   XDATA SIZE       =   ----    ----
   PDATA SIZE       =   ----    ----
   DATA SIZE        =   ----       6
   IDATA SIZE       =   ----    ----
   BIT SIZE         =   ----    ----
END OF MODULE INFORMATION.


C51 COMPILATION COMPLETE.  0 WARNING(S),  0 ERROR(S)
