C51 COMPILER V9.60.0.0   XPT2046                                                           09/17/2023 00:06:19 PAGE 1   


C51 COMPILER V9.60.0.0, COMPILATION OF MODULE XPT2046
OBJECT MODULE PLACED IN .\Objects\xpt2046.obj
COMPILER INVOKED BY: D:\Keil_v5\C51\BIN\C51.EXE xpt2046\xpt2046.c OPTIMIZE(8,SPEED) BROWSE INCDIR(.\xpt2046;.\public;.\D
                    -igitron) DEBUG OBJECTEXTEND PRINT(.\Listings\xpt2046.lst) TABS(2) OBJECT(.\Objects\xpt2046.obj)

line level    source

   1          #include "xpt2046.h"
   2          #include "intrins.h"
   3          
   4          void xpt2046_write_data(u8 dat)
   5          {
   6   1        u8 i;
   7   1        
   8   1        CLK=0;
   9   1        _nop_();
  10   1        for(i=0;i<8;i++)
  11   1        {
  12   2          DIN=dat>>7;
  13   2          dat<<=1;
  14   2          CLK=0;
  15   2          _nop_();
  16   2          CLK=0;
  17   2        }
  18   1      }
  19          
  20          u16 xpt2046_read_data(void)
  21          {
  22   1        u8 i;
  23   1        u16 dat=0;
  24   1        
  25   1        CLK=0;
  26   1        _nop_();
  27   1        for(i=0;i<12;i++)
  28   1        {
  29   2          dat <<=1;
  30   2          CLK=1;
  31   2          _nop_();
  32   2          CLK=0;
  33   2          _nop_();
  34   2          dat |=DOUT;
  35   2        }
  36   1        return dat;
  37   1      }
  38          
  39          u16 xpt2046_read_adc_value(u8 cmd)
  40          {
  41   1        u16 adc_value=0;
  42   1        
  43   1        CLK=0;
  44   1        CS=0;
  45   1        xpt2046_write_data(cmd);
  46   1        _nop_();
  47   1        _nop_();
  48   1        _nop_();
  49   1        _nop_();
  50   1        _nop_();
  51   1        _nop_();
  52   1        _nop_();
  53   1        _nop_();
  54   1        CLK=1;
C51 COMPILER V9.60.0.0   XPT2046                                                           09/17/2023 00:06:19 PAGE 2   

  55   1        _nop_();
  56   1        CLK=0;
  57   1        _nop_();
  58   1        adc_value=xpt2046_read_data();
  59   1        CS=1;
  60   1        return adc_value;
  61   1      }


MODULE INFORMATION:   STATIC OVERLAYABLE
   CODE SIZE        =    109    ----
   CONSTANT SIZE    =   ----    ----
   XDATA SIZE       =   ----    ----
   PDATA SIZE       =   ----    ----
   DATA SIZE        =   ----    ----
   IDATA SIZE       =   ----    ----
   BIT SIZE         =   ----    ----
END OF MODULE INFORMATION.


C51 COMPILATION COMPLETE.  0 WARNING(S),  0 ERROR(S)
